2022-11-20 12:03:10.211  INFO 21252 --- [main] lavalink.server.Launcher                 : Starting Launcher using Java 18.0.2.1 on Dorman-Dell with PID 21252 (C:\Development\discord_musicbot\Lavalink.jar started by Dorman in C:\Development\discord_musicbot)
2022-11-20 12:03:10.217  INFO 21252 --- [main] lavalink.server.Launcher                 : No active profile set, falling back to 1 default profile: "default"
2022-11-20 12:03:11.212  INFO 21252 --- [main] lavalink.server.Launcher                 : Started Launcher in 1.499 seconds (JVM running for 2.014)
2022-11-20 12:03:11.217  INFO 21252 --- [main] lavalink.server.Launcher                 : You can safely ignore the big red warning about illegal reflection. See https://github.com/freyacodes/Lavalink/issues/295
2022-11-20 12:03:11.283  INFO 21252 --- [main] lavalink.server.Launcher                 : 

[32m       .  [31m _                  _ _       _    [32m__ _ _
[32m      /\\ [31m| | __ ___   ____ _| (_)_ __ | | __[32m\ \ \ \
[32m     ( ( )[31m| |/ _` \ \ / / _` | | | '_ \| |/ /[32m \ \ \ \
[32m      \\/ [31m| | (_| |\ V / (_| | | | | | |   < [32m  ) ) ) )
[32m       '  [31m|_|\__,_| \_/ \__,_|_|_|_| |_|_|\_\[32m / / / /
[0m    =========================================[32m/_/_/_/[0m

	Version:        3.6.2
	Build time:     08.11.2022 09:02:53 UTC
	Branch          HEAD
	Commit:         4782f1f
	Commit time:    08.11.2022 09:01:14 UTC
	JVM:            18.0.2.1
	Lavaplayer      1.3.99.1-original

2022-11-20 12:03:11.294  INFO 21252 --- [main] lavalink.server.Launcher                 : No active profile set, falling back to 1 default profile: "default"
2022-11-20 12:03:12.044  WARN 21252 --- [main] io.undertow.websockets.jsr               : UT026010: Buffer pool was not set on WebSocketDeploymentInfo, the default pool will be used
2022-11-20 12:03:12.068  INFO 21252 --- [main] io.undertow.servlet                      : Initializing Spring embedded WebApplicationContext
2022-11-20 12:03:12.069  INFO 21252 --- [main] w.s.c.ServletWebServerApplicationContext : Root WebApplicationContext: initialization completed in 767 ms
2022-11-20 12:03:12.357  INFO 21252 --- [main] c.s.d.l.tools.GarbageCollectionMonitor   : GC monitoring enabled, reporting results every 2 minutes.
2022-11-20 12:03:12.573  INFO 21252 --- [main] lavalink.server.config.KoeConfiguration  : OS: WINDOWS, Arch: X86_64
2022-11-20 12:03:12.574  INFO 21252 --- [main] lavalink.server.config.KoeConfiguration  : Enabling JDA-NAS
2022-11-20 12:03:12.578  INFO 21252 --- [main] c.s.l.c.natives.NativeLibraryLoader      : Native library udpqueue: loading with filter null
2022-11-20 12:03:12.588  INFO 21252 --- [main] c.s.l.c.natives.NativeLibraryLoader      : Native library udpqueue: successfully loaded.
2022-11-20 12:03:12.616  WARN 21252 --- [main] l.server.config.SentryConfiguration      : Turning off sentry
2022-11-20 12:03:12.898  INFO 21252 --- [main] io.undertow                              : starting server: Undertow - 2.2.16.Final
2022-11-20 12:03:12.909  INFO 21252 --- [main] org.xnio                                 : XNIO version 3.8.6.Final
2022-11-20 12:03:12.923  INFO 21252 --- [main] org.xnio.nio                             : XNIO NIO Implementation Version 3.8.6.Final
2022-11-20 12:03:13.019  INFO 21252 --- [main] org.jboss.threads                        : JBoss Threads version 3.1.0.Final
2022-11-20 12:03:13.066  INFO 21252 --- [main] o.s.b.w.e.undertow.UndertowWebServer     : Undertow started on port(s) 2333 (http)
2022-11-20 12:03:13.071  INFO 21252 --- [main] lavalink.server.Launcher                 : Started Launcher in 1.847 seconds (JVM running for 3.872)
2022-11-20 12:03:13.072  INFO 21252 --- [main] lavalink.server.Launcher                 : Lavalink is ready to accept connections.
2022-11-20 12:03:36.793  INFO 21252 --- [SpringApplicationShutdownHook] io.undertow                              : stopping server: Undertow - 2.2.16.Final
2022-11-20 12:03:36.802  INFO 21252 --- [SpringApplicationShutdownHook] c.s.d.l.tools.GarbageCollectionMonitor   : GC monitoring disabled.
2022-11-20 12:03:57.002  INFO 26852 --- [main] lavalink.server.Launcher                 : Starting Launcher using Java 18.0.2.1 on Dorman-Dell with PID 26852 (C:\Development\discord_musicbot\Lavalink.jar started by Dorman in C:\Development\discord_musicbot)
2022-11-20 12:03:57.007  INFO 26852 --- [main] lavalink.server.Launcher                 : No active profile set, falling back to 1 default profile: "default"
2022-11-20 12:03:57.873  INFO 26852 --- [main] lavalink.server.Launcher                 : Started Launcher in 1.341 seconds (JVM running for 1.75)
2022-11-20 12:03:57.877  INFO 26852 --- [main] lavalink.server.Launcher                 : You can safely ignore the big red warning about illegal reflection. See https://github.com/freyacodes/Lavalink/issues/295
2022-11-20 12:03:57.921  INFO 26852 --- [main] lavalink.server.Launcher                 : 

[32m       .  [31m _                  _ _       _    [32m__ _ _
[32m      /\\ [31m| | __ ___   ____ _| (_)_ __ | | __[32m\ \ \ \
[32m     ( ( )[31m| |/ _` \ \ / / _` | | | '_ \| |/ /[32m \ \ \ \
[32m      \\/ [31m| | (_| |\ V / (_| | | | | | |   < [32m  ) ) ) )
[32m       '  [31m|_|\__,_| \_/ \__,_|_|_|_| |_|_|\_\[32m / / / /
[0m    =========================================[32m/_/_/_/[0m

	Version:        3.6.2
	Build time:     08.11.2022 09:02:53 UTC
	Branch          HEAD
	Commit:         4782f1f
	Commit time:    08.11.2022 09:01:14 UTC
	JVM:            18.0.2.1
	Lavaplayer      1.3.99.1-original

2022-11-20 12:03:57.930  INFO 26852 --- [main] lavalink.server.Launcher                 : No active profile set, falling back to 1 default profile: "default"
2022-11-20 12:03:58.583  WARN 26852 --- [main] io.undertow.websockets.jsr               : UT026010: Buffer pool was not set on WebSocketDeploymentInfo, the default pool will be used
2022-11-20 12:03:58.607  INFO 26852 --- [main] io.undertow.servlet                      : Initializing Spring embedded WebApplicationContext
2022-11-20 12:03:58.608  INFO 26852 --- [main] w.s.c.ServletWebServerApplicationContext : Root WebApplicationContext: initialization completed in 671 ms
2022-11-20 12:03:58.849  INFO 26852 --- [main] c.s.d.l.tools.GarbageCollectionMonitor   : GC monitoring enabled, reporting results every 2 minutes.
2022-11-20 12:03:59.056  INFO 26852 --- [main] lavalink.server.config.KoeConfiguration  : OS: WINDOWS, Arch: X86_64
2022-11-20 12:03:59.057  INFO 26852 --- [main] lavalink.server.config.KoeConfiguration  : Enabling JDA-NAS
2022-11-20 12:03:59.062  INFO 26852 --- [main] c.s.l.c.natives.NativeLibraryLoader      : Native library udpqueue: loading with filter null
2022-11-20 12:03:59.074  INFO 26852 --- [main] c.s.l.c.natives.NativeLibraryLoader      : Native library udpqueue: successfully loaded.
2022-11-20 12:03:59.115  WARN 26852 --- [main] l.server.config.SentryConfiguration      : Turning off sentry
2022-11-20 12:03:59.404  INFO 26852 --- [main] io.undertow                              : starting server: Undertow - 2.2.16.Final
2022-11-20 12:03:59.415  INFO 26852 --- [main] org.xnio                                 : XNIO version 3.8.6.Final
2022-11-20 12:03:59.427  INFO 26852 --- [main] org.xnio.nio                             : XNIO NIO Implementation Version 3.8.6.Final
2022-11-20 12:03:59.507  INFO 26852 --- [main] org.jboss.threads                        : JBoss Threads version 3.1.0.Final
2022-11-20 12:03:59.561  INFO 26852 --- [main] o.s.b.w.e.undertow.UndertowWebServer     : Undertow started on port(s) 2333 (http)
2022-11-20 12:03:59.566  INFO 26852 --- [main] lavalink.server.Launcher                 : Started Launcher in 1.684 seconds (JVM running for 3.444)
2022-11-20 12:03:59.568  INFO 26852 --- [main] lavalink.server.Launcher                 : Lavalink is ready to accept connections.
2022-11-20 12:04:22.517  INFO 26852 --- [XNIO-1 task-1] io.undertow.servlet                      : Initializing Spring DispatcherServlet 'dispatcherServlet'
2022-11-20 12:04:22.519  INFO 26852 --- [XNIO-1 task-1] o.s.web.servlet.DispatcherServlet        : Initializing Servlet 'dispatcherServlet'
2022-11-20 12:04:22.521  INFO 26852 --- [XNIO-1 task-1] o.s.web.servlet.DispatcherServlet        : Completed initialization in 2 ms
2022-11-20 12:04:22.541  INFO 26852 --- [XNIO-1 task-1] l.server.io.HandshakeInterceptorImpl     : Incoming connection from /127.0.0.1:1181
2022-11-20 12:04:22.597  INFO 26852 --- [XNIO-1 task-1] lavalink.server.io.SocketServer          : Connection successfully established from WaveLink
2022-11-20 12:04:22.613  INFO 26852 --- [XNIO-1 I/O-11] lavalink.server.io.SocketServer          : {"op": "configureResuming", "key": "8ff86f28b29bf0c1", "timeout": 60}
2022-11-20 12:06:17.979  INFO 26852 --- [XNIO-1 I/O-11] lavalink.server.io.SocketServer          : {"op": "voiceUpdate", "guildId": "831508122291404800", "sessionId": "cde2e25f49598f9c5a9611592f02f8c3", "event": {"token": "2efee94451b6a325", "guild_id": "831508122291404800", "endpoint": "rotterdam11173.discord.media:443"}}
2022-11-20 12:06:33.554  INFO 26852 --- [XNIO-1 task-1] l.server.player.AudioLoaderRestHandler   : Got request to load for identifier "ytsearch:all i do is win"
2022-11-20 12:06:34.489  INFO 26852 --- [lava-daemon-pool-info-loader-2-thread-1] lavalink.server.player.AudioLoader       : Loaded playlist Search results for: all i do is win
2022-11-20 12:06:34.509  INFO 26852 --- [XNIO-1 I/O-11] lavalink.server.io.SocketServer          : {"op": "play", "guildId": "831508122291404800", "track": "QAAAxwIAYkRKIEtoYWxlZCAiQWxsIEkgRG8gSXMgV2luIiBmZWF0LiBMdWRhY3JpcywgUmljayBSb3NzLCBULVBhaW4gJiBTbm9vcCBEb2dnIC8gVmljdG9yeSBJbiBTdG9yZXMgTm93AAtLT0NIUkVDT1JEUwAAAAAAA3qgAAtHR1h6bFJvTnRIVQABACtodHRwczovL3d3dy55b3V0dWJlLmNvbS93YXRjaD92PUdHWHpsUm9OdEhVAAd5b3V0dWJlAAAAAAAAAAA=", "noReplace": false}
2022-11-20 12:06:34.516  WARN 26852 --- [lava-daemon-pool-playback-1-thread-1] c.s.d.l.s.y.YoutubeAccessTokenTracker    : YouTube auth tokens can't be retrieved because email and password is not set in YoutubeAudioSourceManager, age restricted videos will throw exceptions.
2022-11-20 12:06:34.516  INFO 26852 --- [XNIO-1 task-1] l.server.player.AudioLoaderRestHandler   : GET /decodetrack
2022-11-20 12:06:35.145  INFO 26852 --- [lava-daemon-pool-playback-1-thread-1] c.s.d.l.s.y.YoutubeAccessTokenTracker    : Updating YouTube visitor id (current is null).
2022-11-20 12:06:35.325  INFO 26852 --- [lava-daemon-pool-playback-1-thread-1] c.s.d.l.s.y.YoutubeAccessTokenTracker    : Updating YouTube visitor id succeeded, new one is CgtPQ3kzRk1zZUh0dyiu-OebBg%3D%3D, next update will be after 600 seconds.
2022-11-20 12:07:28.050  INFO 26852 --- [XNIO-1 I/O-11] lavalink.server.io.SocketServer          : {"op": "destroy", "guildId": "831508122291404800"}
2022-11-20 12:10:51.817  INFO 26852 --- [XNIO-1 I/O-11] lavalink.server.io.SocketServer          : Connection closed from /127.0.0.1:1181 with status CloseStatus[code=1006, reason=] -- Session can be resumed within the next 60 seconds with key 8ff86f28b29bf0c1
2022-11-20 12:11:51.824  INFO 26852 --- [pool-2-thread-1] lavalink.server.io.SocketContext         : Shutting down 0 playing players.
